<?xml version="1.0" encoding="UTF-8"?>
<!-- Generated by org.testng.reporters.JUnitReportReporter -->
<testsuite hostname="DESKTOP-GJ22SP2" failures="0" tests="1" name="com.orangehrm_hybridframework.testCases.Login_TC002" time="23.832" errors="0" timestamp="2021-08-03T18:17:49 IST" skipped="0">
  <testcase classname="com.orangehrm_hybridframework.testCases.Login_TC002" name="login_TC002" time="23.832"/>
  <system-out/>
</testsuite> <!-- com.orangehrm_hybridframework.testCases.Login_TC002 -->
