<?xml version="1.0" encoding="UTF-8"?>
<!-- Generated by org.testng.reporters.JUnitReportReporter -->
<testsuite hostname="DESKTOP-GJ22SP2" failures="0" tests="1" name="com.orangehrm_hybridframework.testCases.Login_TC001" time="22.125" errors="0" timestamp="2021-08-03T09:44:09 IST" skipped="0">
  <testcase classname="com.orangehrm_hybridframework.testCases.Login_TC001" name="loginTC_001" time="22.125"/>
  <system-out/>
</testsuite> <!-- com.orangehrm_hybridframework.testCases.Login_TC001 -->
